{
  "RSpec": {
    "coverage": {
      "/Users/marcus/Desktop/Projects/EarBnb/spec/features/creating_peeps_spec.rb": [
        1,
        null,
        1,
        3,
        null,
        null,
        null,
        null,
        null,
        null,
        1,
        0,
        0,
        0,
        0,
        null,
        0,
        null,
        0,
        0,
        null,
        null,
        null,
        1,
        0,
        0,
        null,
        0,
        0,
        0,
        null,
        null,
        1,
        0,
        0,
        0,
        null,
        null,
        null,
        null,
        0,
        0,
        0,
        null,
        null
      ],
      "/Users/marcus/Desktop/Projects/EarBnb/spec/features/property_spec.rb": [
        1,
        1,
        1,
        1,
        1,
        null,
        1,
        1,
        1,
        null,
        null
      ],
      "/Users/marcus/Desktop/Projects/EarBnb/spec/features/sign_in_sign_out_spec.rb": [
        1,
        null,
        1,
        1,
        null,
        null,
        null,
        null,
        null,
        null,
        1,
        0,
        0,
        null,
        null,
        null,
        1,
        null,
        1,
        1,
        null,
        null,
        null,
        null,
        null,
        null,
        1,
        0,
        0,
        0,
        0,
        null,
        null
      ],
      "/Users/marcus/Desktop/Projects/EarBnb/spec/features/user_management_spec.rb": [
        1,
        1,
        2,
        0,
        0,
        null,
        null,
        1,
        2,
        null,
        null,
        1,
        2,
        0,
        0,
        null,
        null,
        1,
        2,
        0,
        0,
        null,
        null,
        1,
        2,
        null,
        null,
        1,
        1,
        0,
        0,
        0,
        null,
        null,
        1,
        2,
        0,
        0,
        null,
        null,
        1,
        1,
        0,
        0,
        0,
        null,
        null,
        1,
        2,
        0,
        0,
        null,
        null,
        null
      ],
      "/Users/marcus/Desktop/Projects/EarBnb/spec/features/viewing_peeps_spec.rb": [
        1,
        null,
        1,
        2,
        null,
        null,
        null,
        null,
        null,
        null,
        1,
        0,
        0,
        0,
        0,
        null,
        0,
        null,
        0,
        0,
        null,
        null,
        null,
        1,
        0,
        0,
        0,
        0,
        0,
        null,
        0,
        null,
        0,
        0,
        0,
        0,
        null,
        null,
        null,
        null
      ],
      "/Users/marcus/Desktop/Projects/EarBnb/spec/models/user_spec.rb": [
        1,
        null,
        1,
        2,
        null,
        null,
        null,
        null,
        null,
        null,
        1,
        0,
        0,
        null,
        null,
        1,
        0,
        null,
        null,
        null
      ]
    },
    "timestamp": 1507038681
  }
}
